<?xml version="1.0" encoding="UTF-8"?>
<testsuite name="com.example.triptalk.service.CommentServiceTests" tests="4" skipped="0" failures="0" errors="0" timestamp="2024-06-02T16:26:05" hostname="LAPTOP-KBVQL0ES" time="0.121">
  <properties/>
  <testcase name="testRegister()" classname="com.example.triptalk.service.CommentServiceTests" time="0.028"/>
  <testcase name="testReadAll()" classname="com.example.triptalk.service.CommentServiceTests" time="0.039"/>
  <testcase name="testModify()" classname="com.example.triptalk.service.CommentServiceTests" time="0.017"/>
  <testcase name="testRemove()" classname="com.example.triptalk.service.CommentServiceTests" time="0.03"/>
  <system-out><![CDATA[2024-06-03 01:26:05.453  INFO 30900 --- [    Test worker] .b.t.c.SpringBootTestContextBootstrapper : Neither @ContextConfiguration nor @ContextHierarchy found for test class [com.example.triptalk.service.CommentServiceTests], using SpringBootContextLoader
2024-06-03 01:26:05.457  INFO 30900 --- [    Test worker] o.s.t.c.support.AbstractContextLoader    : Could not detect default resource locations for test class [com.example.triptalk.service.CommentServiceTests]: no resource found for suffixes {-context.xml, Context.groovy}.
2024-06-03 01:26:05.457  INFO 30900 --- [    Test worker] t.c.s.AnnotationConfigContextLoaderUtils : Could not detect default configuration classes for test class [com.example.triptalk.service.CommentServiceTests]: CommentServiceTests does not declare any static, non-private, non-final, nested classes annotated with @Configuration.
2024-06-03 01:26:05.461  INFO 30900 --- [    Test worker] .b.t.c.SpringBootTestContextBootstrapper : Found @SpringBootConfiguration com.example.triptalk.TriptalkApplication for test class com.example.triptalk.service.CommentServiceTests
2024-06-03 01:26:05.466  INFO 30900 --- [    Test worker] .b.t.c.SpringBootTestContextBootstrapper : Loaded default TestExecutionListener class names from location [META-INF/spring.factories]: [org.springframework.security.test.context.support.WithSecurityContextTestExecutionListener, org.springframework.security.test.context.support.ReactorContextTestExecutionListener, org.springframework.boot.test.autoconfigure.restdocs.RestDocsTestExecutionListener, org.springframework.boot.test.autoconfigure.web.client.MockRestServiceServerResetTestExecutionListener, org.springframework.boot.test.autoconfigure.web.servlet.MockMvcPrintOnlyOnFailureTestExecutionListener, org.springframework.boot.test.autoconfigure.web.servlet.WebDriverTestExecutionListener, org.springframework.boot.test.autoconfigure.webservices.client.MockWebServiceServerTestExecutionListener, org.springframework.boot.test.mock.mockito.MockitoTestExecutionListener, org.springframework.boot.test.mock.mockito.ResetMocksTestExecutionListener, org.springframework.test.context.web.ServletTestExecutionListener, org.springframework.test.context.support.DirtiesContextBeforeModesTestExecutionListener, org.springframework.test.context.event.ApplicationEventsTestExecutionListener, org.springframework.test.context.support.DependencyInjectionTestExecutionListener, org.springframework.test.context.support.DirtiesContextTestExecutionListener, org.springframework.test.context.transaction.TransactionalTestExecutionListener, org.springframework.test.context.jdbc.SqlScriptsTestExecutionListener, org.springframework.test.context.event.EventPublishingTestExecutionListener]
2024-06-03 01:26:05.469  INFO 30900 --- [    Test worker] .b.t.c.SpringBootTestContextBootstrapper : Using TestExecutionListeners: [org.springframework.test.context.web.ServletTestExecutionListener@30282260, org.springframework.test.context.support.DirtiesContextBeforeModesTestExecutionListener@5f18a661, org.springframework.test.context.event.ApplicationEventsTestExecutionListener@58ed5ed3, org.springframework.boot.test.mock.mockito.MockitoTestExecutionListener@133e7789, org.springframework.boot.test.autoconfigure.SpringBootDependencyInjectionTestExecutionListener@62f47cac, org.springframework.test.context.support.DirtiesContextTestExecutionListener@7845f53d, org.springframework.test.context.transaction.TransactionalTestExecutionListener@4a6c3720, org.springframework.test.context.jdbc.SqlScriptsTestExecutionListener@2a8e93db, org.springframework.security.test.context.support.WithSecurityContextTestExecutionListener@6b5e8b3a, org.springframework.test.context.event.EventPublishingTestExecutionListener@3c657771, org.springframework.security.test.context.support.ReactorContextTestExecutionListener@171b82ea, org.springframework.boot.test.autoconfigure.restdocs.RestDocsTestExecutionListener@49d5db99, org.springframework.boot.test.autoconfigure.web.client.MockRestServiceServerResetTestExecutionListener@564d9ec2, org.springframework.boot.test.autoconfigure.web.servlet.MockMvcPrintOnlyOnFailureTestExecutionListener@4104b585, org.springframework.boot.test.autoconfigure.web.servlet.WebDriverTestExecutionListener@ac3739d, org.springframework.boot.test.autoconfigure.webservices.client.MockWebServiceServerTestExecutionListener@6dad684f, org.springframework.boot.test.mock.mockito.ResetMocksTestExecutionListener@572c50b6]
Hibernate: 
    select
        userinfo0_.id as id1_3_0_,
        userinfo0_.mod_date as mod_date2_3_0_,
        userinfo0_.reg_date as reg_date3_3_0_,
        userinfo0_.nickname as nickname4_3_0_ 
    from
        user_info userinfo0_ 
    where
        userinfo0_.id=?
Hibernate: 
    select
        comment0_.id as id1_0_,
        comment0_.mod_date as mod_date2_0_,
        comment0_.reg_date as reg_date3_0_,
        comment0_.author_id as author_i5_0_,
        comment0_.content as content4_0_,
        comment0_.post_id as post_id6_0_ 
    from
        comment comment0_ 
    left outer join
        post post1_ 
            on comment0_.post_id=post1_.id 
    where
        post1_.id=?
Hibernate: 
    select
        comment0_.id as id1_0_0_,
        comment0_.mod_date as mod_date2_0_0_,
        comment0_.reg_date as reg_date3_0_0_,
        comment0_.author_id as author_i5_0_0_,
        comment0_.content as content4_0_0_,
        comment0_.post_id as post_id6_0_0_ 
    from
        comment comment0_ 
    where
        comment0_.id=?
Hibernate: 
    select
        comment0_.id as id1_0_0_,
        comment0_.mod_date as mod_date2_0_0_,
        comment0_.reg_date as reg_date3_0_0_,
        comment0_.author_id as author_i5_0_0_,
        comment0_.content as content4_0_0_,
        comment0_.post_id as post_id6_0_0_ 
    from
        comment comment0_ 
    where
        comment0_.id=?
]]></system-out>
  <system-err><![CDATA[]]></system-err>
</testsuite>
